PaddleOCR GPU Local Run Proof Log (Conda Environment)
GeneratedAt: 2026-02-19 22:10:33 +08:00
HostName: LAPTOP-R1THJDR7
WorkingDirectory: E:\量子波动速读预处理

CondaCommandReference: conda activate ocr_stable
ResolvedCondaPath: D:\miniforge\condabin\conda.bat
ResolvedPythonInEnv: D:\conda_envs\ocr_stable\python.exe

[Section A] Current GPU Snapshot (nvidia-smi)
Thu Feb 19 22:10:35 2026       
+-----------------------------------------------------------------------------------------+
| NVIDIA-SMI 581.83                 Driver Version: 581.83         CUDA Version: 13.0     |
+-----------------------------------------+------------------------+----------------------+
| GPU  Name                  Driver-Model | Bus-Id          Disp.A | Volatile Uncorr. ECC |
| Fan  Temp   Perf          Pwr:Usage/Cap |           Memory-Usage | GPU-Util  Compute M. |
|                                         |                        |               MIG M. |
|=========================================+========================+======================|
|   0  NVIDIA GeForce RTX 4050 ...  WDDM  |   00000000:01:00.0 Off |                  N/A |
| N/A   36C    P0             15W /   90W |       0MiB /   6141MiB |      0%      Default |
|                                         |                        |                  N/A |
+-----------------------------------------+------------------------+----------------------+

+-----------------------------------------------------------------------------------------+
| Processes:                                                                              |
|  GPU   GI   CI              PID   Type   Process name                        GPU Memory |
|        ID   ID                                                               Usage      |
|=========================================================================================|
|  No running processes found                                                             |
+-----------------------------------------------------------------------------------------+

[Section B] Direct Runtime Output (Executed with ocr_stable)
python.exe : I0219 22:09:39.467371 19340 program_interpreter.cc:212] New Executor is Running.
At line:43 char:6
+ '@ | & 'D:\conda_envs\ocr_stable\python.exe' - 2>&1
+      ~~~~~~~~~~~~~~~~~~~~~~~~~~~~~~~~~~~~~~~~~~~~~~
    + CategoryInfo          : NotSpecified: (I0219 22:09:39....tor is Running.:String) [], RemoteException
    + FullyQualifiedErrorId : NativeCommandError
 
W0219 22:09:39.467371 19340 gpu_resources.cc:119] Please NOTE: device: 0, GPU Compute Capability: 8.9, Driver API Versi
on: 13.0, Runtime API Version: 11.8
W0219 22:09:39.470183 19340 gpu_resources.cc:164] device: 0, cuDNN Version: 8.9.
I0219 22:09:40.238219 19340 interpreter_util.cc:624] Standalone Executor is Used.
=== Runtime Check Start ===
timestamp: 2026-02-19T22:09:36.224166
python_executable: D:\conda_envs\ocr_stable\python.exe
paddle_version: 2.6.2
compiled_with_cuda: True
cuda_device_count: 1
running_paddle_run_check...
Running verify PaddlePaddle program ... 
PaddlePaddle works well on 1 GPU.
PaddlePaddle is installed successfully! Let's start deep learning with PaddlePaddle now.
paddleocr_import: ok
[2026/02/19 22:09:41] ppocr DEBUG: Namespace(help='==SUPPRESS==', use_gpu=True, use_xpu=False, use_npu=False, ir_optim=True, use_tensorrt=False, min_subgraph_size=15, precision='fp32', gpu_mem=500, gpu_id=0, image_dir=None, page_num=0, det_algorithm='DB', det_model_dir='D:\\ocr_models\\det\\ch_PP-OCRv4_det_infer', det_limit_side_len=960, det_limit_type='max', det_box_type='quad', det_db_thresh=0.3, det_db_box_thresh=0.6, det_db_unclip_ratio=1.5, max_batch_size=10, use_dilation=False, det_db_score_mode='fast', det_east_score_thresh=0.8, det_east_cover_thresh=0.1, det_east_nms_thresh=0.2, det_sast_score_thresh=0.5, det_sast_nms_thresh=0.2, det_pse_thresh=0, det_pse_box_thresh=0.85, det_pse_min_area=16, det_pse_scale=1, scales=[8, 16, 32], alpha=1.0, beta=1.0, fourier_degree=5, rec_algorithm='SVTR_LCNet', rec_model_dir='D:\\ocr_models\\rec\\ch_PP-OCRv4_rec_infer', rec_image_inverse=True, rec_image_shape='3, 48, 320', rec_batch_num=6, max_text_length=25, rec_char_dict_path='D:\\conda_envs\\ocr_stable\\lib\\site-packages\\paddleocr\\ppocr\\utils\\ppocr_keys_v1.txt', use_space_char=True, vis_font_path='./doc/fonts/simfang.ttf', drop_score=0.5, e2e_algorithm='PGNet', e2e_model_dir=None, e2e_limit_side_len=768, e2e_limit_type='max', e2e_pgnet_score_thresh=0.5, e2e_char_dict_path='./ppocr/utils/ic15_dict.txt', e2e_pgnet_valid_set='totaltext', e2e_pgnet_mode='fast', use_angle_cls=True, cls_model_dir='D:\\ocr_models\\cls\\ch_ppocr_mobile_v2.0_cls_infer', cls_image_shape='3, 48, 192', label_list=['0', '180'], cls_batch_num=6, cls_thresh=0.9, enable_mkldnn=False, cpu_threads=10, use_pdserving=False, warmup=False, sr_model_dir=None, sr_image_shape='3, 32, 128', sr_batch_num=1, draw_img_save_dir='./inference_results', save_crop_res=False, crop_res_save_dir='./output', use_mp=False, total_process_num=1, process_id=0, benchmark=False, save_log_path='./log_output/', show_log=True, use_onnx=False, output='./output', table_max_len=488, table_algorithm='TableAttn', table_model_dir=None, merge_no_span_structure=True, table_char_dict_path=None, layout_model_dir=None, layout_dict_path=None, layout_score_threshold=0.5, layout_nms_threshold=0.5, kie_algorithm='LayoutXLM', ser_model_dir=None, re_model_dir=None, use_visual_backbone=True, ser_dict_path='../train_data/XFUND/class_list_xfun.txt', ocr_order_method=None, mode='structure', image_orientation=False, layout=True, table=True, ocr=True, recovery=False, use_pdf2docx_api=False, invert=False, binarize=False, alphacolor=(255, 255, 255), lang='ch', det=True, rec=True, type='ocr', ocr_version='PP-OCRv4', structure_version='PP-StructureV2')
paddleocr_init: ok (use_gpu=True)
[2026/02/19 22:10:02] ppocr DEBUG: dt_boxes num : 1, elapsed : 1.634267807006836
[2026/02/19 22:10:02] ppocr DEBUG: cls num  : 1, elapsed : 0.11623311042785645
[2026/02/19 22:10:02] ppocr DEBUG: rec_res num  : 1, elapsed : 0.3433189392089844
ocr_detected_lines: 1
ocr_first_line_text: PaddleOCR GPU TEST 2026
=== Runtime Check End ===


[Conclusion]
1) Paddle is GPU-enabled in runtime (compiled_with_cuda: True, cuda_device_count: 1).
2) Paddle official GPU check passed (PaddlePaddle works well on 1 GPU.).
3) PaddleOCR initialized with use_gpu=True and completed OCR inference (ocr_detected_lines: 1).
